# JRE version: OpenJDK Runtime Environment (8.0_152-b02) (build 1.8.0_152-release-1024-b02)
# Java VM: OpenJDK 64-Bit Server VM (25.152-b02 mixed mode windows-amd64 compressed oops)
Heap:
 PSYoungGen      total 98816K, used 27868K [0x00000000e0000000, 0x00000000e6e80000, 0x0000000100000000)
  eden space 86528K, 30% used [0x00000000e0000000,0x00000000e1a0be80,0x00000000e5480000)
  from space 12288K, 10% used [0x00000000e6280000,0x00000000e63c0020,0x00000000e6e80000)
  to   space 13312K, 0% used [0x00000000e5480000,0x00000000e5480000,0x00000000e6180000)
 ParOldGen       total 83456K, used 49663K [0x00000000a0000000, 0x00000000a5180000, 0x00000000e0000000)
  object space 83456K, 59% used [0x00000000a0000000,0x00000000a307fc20,0x00000000a5180000)
 Metaspace       used 82360K, capacity 85454K, committed 85592K, reserved 1124352K
  class space    used 10619K, capacity 11282K, committed 11392K, reserved 1048576K
GC Heap History (10 events):
Event: 157.652 GC heap before
{Heap before GC invocations=67 (full 5):
 PSYoungGen      total 77824K, used 62048K [0x00000000e0000000, 0x00000000e6680000, 0x0000000100000000)
  eden space 61952K, 100% used [0x00000000e0000000,0x00000000e3c80000,0x00000000e3c80000)
  from space 15872K, 0% used [0x00000000e3c80000,0x00000000e3c98000,0x00000000e4c00000)
  to   space 15360K, 0% used [0x00000000e5780000,0x00000000e5780000,0x00000000e6680000)
 ParOldGen       total 83456K, used 42874K [0x00000000a0000000, 0x00000000a5180000, 0x00000000e0000000)
  object space 83456K, 51% used [0x00000000a0000000,0x00000000a29dea98,0x00000000a5180000)
 Metaspace       used 73166K, capacity 75374K, committed 75608K, reserved 1114112K
  class space    used 9482K, capacity 9986K, committed 10112K, reserved 1048576K
Event: 157.659 GC heap after
Heap after GC invocations=67 (full 5):
 PSYoungGen      total 86528K, used 3892K [0x00000000e0000000, 0x00000000e6400000, 0x0000000100000000)
  eden space 73728K, 0% used [0x00000000e0000000,0x00000000e0000000,0x00000000e4800000)
  from space 12800K, 30% used [0x00000000e5780000,0x00000000e5b4d070,0x00000000e6400000)
  to   space 14336K, 0% used [0x00000000e4800000,0x00000000e4800000,0x00000000e5600000)
 ParOldGen       total 83456K, used 42906K [0x00000000a0000000, 0x00000000a5180000, 0x00000000e0000000)
  object space 83456K, 51% used [0x00000000a0000000,0x00000000a29e6a98,0x00000000a5180000)
 Metaspace       used 73166K, capacity 75374K, committed 75608K, reserved 1114112K
  class space    used 9482K, capacity 9986K, committed 10112K, reserved 1048576K
}
Event: 158.991 GC heap before
{Heap before GC invocations=68 (full 5):
 PSYoungGen      total 86528K, used 77620K [0x00000000e0000000, 0x00000000e6400000, 0x0000000100000000)
  eden space 73728K, 100% used [0x00000000e0000000,0x00000000e4800000,0x00000000e4800000)
  from space 12800K, 30% used [0x00000000e5780000,0x00000000e5b4d070,0x00000000e6400000)
  to   space 14336K, 0% used [0x00000000e4800000,0x00000000e4800000,0x00000000e5600000)
 ParOldGen       total 83456K, used 42906K [0x00000000a0000000, 0x00000000a5180000, 0x00000000e0000000)
  object space 83456K, 51% used [0x00000000a0000000,0x00000000a29e6a98,0x00000000a5180000)
 Metaspace       used 73333K, capacity 75608K, committed 75864K, reserved 1116160K
  class space    used 9504K, capacity 10043K, committed 10112K, reserved 1048576K
Event: 158.996 GC heap after
Heap after GC invocations=68 (full 5):
 PSYoungGen      total 88064K, used 438K [0x00000000e0000000, 0x00000000e7000000, 0x0000000100000000)
  eden space 73728K, 0% used [0x00000000e0000000,0x00000000e0000000,0x00000000e4800000)
  from space 14336K, 3% used [0x00000000e4800000,0x00000000e486da28,0x00000000e5600000)
  to   space 13824K, 0% used [0x00000000e6280000,0x00000000e6280000,0x00000000e7000000)
 ParOldGen       total 83456K, used 43770K [0x00000000a0000000, 0x00000000a5180000, 0x00000000e0000000)
  object space 83456K, 52% used [0x00000000a0000000,0x00000000a2abeae0,0x00000000a5180000)
 Metaspace       used 73333K, capacity 75608K, committed 75864K, reserved 1116160K
  class space    used 9504K, capacity 10043K, committed 10112K, reserved 1048576K
}
Event: 172.572 GC heap before
{Heap before GC invocations=69 (full 5):
 PSYoungGen      total 88064K, used 74166K [0x00000000e0000000, 0x00000000e7000000, 0x0000000100000000)
  eden space 73728K, 100% used [0x00000000e0000000,0x00000000e4800000,0x00000000e4800000)
  from space 14336K, 3% used [0x00000000e4800000,0x00000000e486da28,0x00000000e5600000)
  to   space 13824K, 0% used [0x00000000e6280000,0x00000000e6280000,0x00000000e7000000)
 ParOldGen       total 83456K, used 43770K [0x00000000a0000000, 0x00000000a5180000, 0x00000000e0000000)
  object space 83456K, 52% used [0x00000000a0000000,0x00000000a2abeae0,0x00000000a5180000)
 Metaspace       used 75287K, capacity 77762K, committed 77912K, reserved 1116160K
  class space    used 9732K, capacity 10294K, committed 10368K, reserved 1048576K
Event: 172.589 GC heap after
Heap after GC invocations=69 (full 5):
 PSYoungGen      total 98816K, used 5466K [0x00000000e0000000, 0x00000000e6e80000, 0x0000000100000000)
  eden space 86528K, 0% used [0x00000000e0000000,0x00000000e0000000,0x00000000e5480000)
  from space 12288K, 44% used [0x00000000e6280000,0x00000000e67d6898,0x00000000e6e80000)
  to   space 13312K, 0% used [0x00000000e5480000,0x00000000e5480000,0x00000000e6180000)
 ParOldGen       total 83456K, used 43962K [0x00000000a0000000, 0x00000000a5180000, 0x00000000e0000000)
  object space 83456K, 52% used [0x00000000a0000000,0x00000000a2aeeae0,0x00000000a5180000)
 Metaspace       used 75287K, capacity 77762K, committed 77912K, reserved 1116160K
  class space    used 9732K, capacity 10294K, committed 10368K, reserved 1048576K
}
Event: 177.569 GC heap before
{Heap before GC invocations=70 (full 5):
 PSYoungGen      total 98816K, used 91994K [0x00000000e0000000, 0x00000000e6e80000, 0x0000000100000000)
  eden space 86528K, 100% used [0x00000000e0000000,0x00000000e5480000,0x00000000e5480000)
  from space 12288K, 44% used [0x00000000e6280000,0x00000000e67d6898,0x00000000e6e80000)
  to   space 13312K, 0% used [0x00000000e5480000,0x00000000e5480000,0x00000000e6180000)
 ParOldGen       total 83456K, used 43962K [0x00000000a0000000, 0x00000000a5180000, 0x00000000e0000000)
  object space 83456K, 52% used [0x00000000a0000000,0x00000000a2aeeae0,0x00000000a5180000)
 Metaspace       used 81762K, capacity 84748K, committed 84952K, reserved 1122304K
  class space    used 10566K, capacity 11215K, committed 11264K, reserved 1048576K
Event: 177.674 GC heap after
Heap after GC invocations=70 (full 5):
 PSYoungGen      total 99840K, used 7972K [0x00000000e0000000, 0x00000000e6e80000, 0x0000000100000000)
  eden space 86528K, 0% used [0x00000000e0000000,0x00000000e0000000,0x00000000e5480000)
  from space 13312K, 59% used [0x00000000e5480000,0x00000000e5c49398,0x00000000e6180000)
  to   space 12288K, 0% used [0x00000000e6280000,0x00000000e6280000,0x00000000e6e80000)
 ParOldGen       total 83456K, used 46852K [0x00000000a0000000, 0x00000000a5180000, 0x00000000e0000000)
  object space 83456K, 56% used [0x00000000a0000000,0x00000000a2dc1250,0x00000000a5180000)
 Metaspace       used 81762K, capacity 84748K, committed 84952K, reserved 1122304K
  class space    used 10566K, capacity 11215K, committed 11264K, reserved 1048576K
}
Event: 178.509 GC heap before
{Heap before GC invocations=71 (full 5):
 PSYoungGen      total 99840K, used 94500K [0x00000000e0000000, 0x00000000e6e80000, 0x0000000100000000)
  eden space 86528K, 100% used [0x00000000e0000000,0x00000000e5480000,0x00000000e5480000)
  from space 13312K, 59% used [0x00000000e5480000,0x00000000e5c49398,0x00000000e6180000)
  to   space 12288K, 0% used [0x00000000e6280000,0x00000000e6280000,0x00000000e6e80000)
 ParOldGen       total 83456K, used 46852K [0x00000000a0000000, 0x00000000a5180000, 0x00000000e0000000)
  object space 83456K, 56% used [0x00000000a0000000,0x00000000a2dc1250,0x00000000a5180000)
 Metaspace       used 82094K, capacity 85104K, committed 85208K, reserved 1124352K
  class space    used 10574K, capacity 11215K, committed 11264K, reserved 1048576K
Event: 178.552 GC heap after
Heap after GC invocations=71 (full 5):
 PSYoungGen      total 98816K, used 1280K [0x00000000e0000000, 0x00000000e6e80000, 0x0000000100000000)
  eden space 86528K, 0% used [0x00000000e0000000,0x00000000e0000000,0x00000000e5480000)
  from space 12288K, 10% used [0x00000000e6280000,0x00000000e63c0020,0x00000000e6e80000)
  to   space 13312K, 0% used [0x00000000e5480000,0x00000000e5480000,0x00000000e6180000)
 ParOldGen       total 83456K, used 49663K [0x00000000a0000000, 0x00000000a5180000, 0x00000000e0000000)
  object space 83456K, 59% used [0x00000000a0000000,0x00000000a307fc20,0x00000000a5180000)
 Metaspace       used 82094K, capacity 85104K, committed 85208K, reserved 1124352K
  class space    used 10574K, capacity 11215K, committed 11264K, reserved 1048576K
}

